<?xml version="1.0" encoding="UTF-8"?>
<!-- Generated by org.testng.reporters.JUnitReportReporter -->
<testsuite skipped="0" hostname="Yawens-MacBook-Pro.local" name="practice.GetWeather" tests="1" failures="0" timestamp="21 May 2018 00:06:05 GMT" time="2.392" errors="0">
  <testcase name="getWeatherData" time="2.392" classname="practice.GetWeather"/>
</testsuite> <!-- practice.GetWeather -->
